<?xml version="1.0" encoding="UTF-8"?>
<testsuites name="PaketLearning" time="65.362" tests="2" failures="0" errors="0">
   <testsuite name="PaketLearning" tests="2" failures="0" errors="0" time="65.362" skipped="0" timestamp="07-02-2024T10:31:48" hostname="USER - DESKTOP-57TUAMP.mshome.net" id="Test Suites/PaketLearning">
      <properties>
         <property name="deviceName" value=""/>
         <property name="devicePlatform" value=""/>
         <property name="logFolder" value="D:\\BRI\\connectKatalon\\Reports\\20240207_103140\\PaketLearning\\20240207_103140"/>
         <property name="logFiles" value="D:\\BRI\\connectKatalon\\Reports\\20240207_103140\\PaketLearning\\20240207_103140\\execution0.log"/>
         <property name="attachments" value=""/>
         <property name="hostName" value="USER - DESKTOP-57TUAMP.mshome.net"/>
         <property name="os" value="Windows 10 64bit"/>
         <property name="katalonVersion" value="9.3.0.212"/>
         <property name="browser" value="Chrome 121.0.0.0"/>
         <property name="hostAddress" value="172.31.224.1"/>
         <property name="sessionId" value="f68cb87c0f901579242284620376aea6"/>
         <property name="seleniumVersion" value="3.141.59"/>
         <property name="proxyInformation" value="ProxyInformation { proxyOption=NO_PROXY, proxyServerType=HTTP, username=, password=********, proxyServerAddress=, proxyServerPort=0, executionList=&quot;&quot;, isApplyToDesiredCapabilities=true }"/>
         <property name="platform" value="Windows 10"/>
      </properties>
      <testcase name="Test Cases/TC_Login" time="28.011" classname="Test Cases/TC_Login" status="PASSED">
         <system-out><![CDATA[07-02-2024T10:31:48 - [TEST_CASE][PASSED] - Test Cases/TC_Login: Test Cases/TC_Login

07-02-2024T10:31:48 - [TEST_STEP][PASSED] - openBrowser(""): Browser is opened with url: ''

07-02-2024T10:31:49 - [MESSAGE][INFO] - Starting 'Chrome' driver

07-02-2024T10:31:49 - [MESSAGE][INFO] - Action delay is set to 0 milliseconds

07-02-2024T10:31:55 - [MESSAGE][PASSED] - Browser is opened with url: ''

07-02-2024T10:31:55 - [TEST_STEP][PASSED] - navigateToUrl("https://www.dicoding.com/"): Navigate to 'https://www.dicoding.com/' successfully

07-02-2024T10:31:59 - [MESSAGE][PASSED] - Navigate to 'https://www.dicoding.com/' successfully

07-02-2024T10:31:59 - [TEST_STEP][PASSED] - click(findTestObject("Object Repository/Login/Page_Dicoding Indonesia - Bangun Karirmu Se_eb00a6/a_Masuk")): Object: 'Object Repository/Login/Page_Dicoding Indonesia - Bangun Karirmu Se_eb00a6/a_Masuk' is clicked on

07-02-2024T10:32:00 - [MESSAGE][PASSED] - Object: 'Object Repository/Login/Page_Dicoding Indonesia - Bangun Karirmu Se_eb00a6/a_Masuk' is clicked on

07-02-2024T10:32:00 - [TEST_STEP][PASSED] - setText(findTestObject("Object Repository/Login/Page_Dicoding Indonesia - Bangun Karirmu Se_eb00a6/input_Masuk_login_email"), "hanamaria2307@gmail.com"): Text 'hanamaria2307@gmail.com' is set on object 'Object Repository/Login/Page_Dicoding Indonesia - Bangun Karirmu Se_eb00a6/input_Masuk_login_email'

07-02-2024T10:32:02 - [MESSAGE][PASSED] - Text 'hanamaria2307@gmail.com' is set on object 'Object Repository/Login/Page_Dicoding Indonesia - Bangun Karirmu Se_eb00a6/input_Masuk_login_email'

07-02-2024T10:32:02 - [TEST_STEP][PASSED] - setEncryptedText(findTestObject("Object Repository/Login/Page_Dicoding Indonesia - Bangun Karirmu Se_eb00a6/input_Masuk_login_password"), "hCc8x1UqSX8vfSLAHukwvg=="): Text ****** has been set on object 'Object Repository/Login/Page_Dicoding Indonesia - Bangun Karirmu Se_eb00a6/input_Masuk_login_password'

07-02-2024T10:32:05 - [MESSAGE][PASSED] - Text ****** has been set on object 'Object Repository/Login/Page_Dicoding Indonesia - Bangun Karirmu Se_eb00a6/input_Masuk_login_password'

07-02-2024T10:32:05 - [TEST_STEP][PASSED] - click(findTestObject("Object Repository/Login/Page_Dicoding Indonesia - Bangun Karirmu Se_eb00a6/button_Masuk")): Object: 'Object Repository/Login/Page_Dicoding Indonesia - Bangun Karirmu Se_eb00a6/button_Masuk' is clicked on

07-02-2024T10:32:08 - [MESSAGE][PASSED] - Object: 'Object Repository/Login/Page_Dicoding Indonesia - Bangun Karirmu Se_eb00a6/button_Masuk' is clicked on

07-02-2024T10:32:08 - [TEST_STEP][PASSED] - verifyElementText(findTestObject("Object Repository/Login/Page_Dicoding Indonesia/p_Semoga aktivitas belajarmu menyenangkan"), "Semoga aktivitas belajarmu menyenangkan."): Actual text and expected text of test object 'Object Repository/Login/Page_Dicoding Indonesia/p_Semoga aktivitas belajarmu menyenangkan' are matched.

07-02-2024T10:32:12 - [MESSAGE][PASSED] - Actual text and expected text of test object 'Object Repository/Login/Page_Dicoding Indonesia/p_Semoga aktivitas belajarmu menyenangkan' are matched.

07-02-2024T10:32:12 - [TEST_STEP][PASSED] - delay(2): Delayed 2 second(s)

07-02-2024T10:32:14 - [MESSAGE][PASSED] - Delayed 2 second(s)

07-02-2024T10:32:14 - [TEST_STEP][PASSED] - closeBrowser(): Browser is closed

07-02-2024T10:32:16 - [MESSAGE][PASSED] - Browser is closed]]></system-out>
         <system-err><![CDATA[]]></system-err>
      </testcase>
      <testcase name="Test Cases/TC_PaketLangganan" time="36.995" classname="Test Cases/TC_PaketLangganan" status="PASSED">
         <system-out><![CDATA[07-02-2024T10:32:16 - [TEST_CASE][PASSED] - Test Cases/TC_PaketLangganan: Test Cases/TC_PaketLangganan

07-02-2024T10:32:16 - [TEST_STEP][PASSED] - openBrowser(""): Browser is opened with url: ''

07-02-2024T10:32:16 - [MESSAGE][INFO] - Starting 'Chrome' driver

07-02-2024T10:32:16 - [MESSAGE][INFO] - Action delay is set to 0 milliseconds

07-02-2024T10:32:19 - [MESSAGE][PASSED] - Browser is opened with url: ''

07-02-2024T10:32:19 - [TEST_STEP][PASSED] - navigateToUrl("https://www.dicoding.com/"): Navigate to 'https://www.dicoding.com/' successfully

07-02-2024T10:32:24 - [MESSAGE][PASSED] - Navigate to 'https://www.dicoding.com/' successfully

07-02-2024T10:32:24 - [TEST_STEP][PASSED] - click(findTestObject("Object Repository/PaketLangganan/Page_Dicoding Indonesia - Bangun Karirmu Se_eb00a6/a_Masuk")): Object: 'Object Repository/PaketLangganan/Page_Dicoding Indonesia - Bangun Karirmu Se_eb00a6/a_Masuk' is clicked on

07-02-2024T10:32:25 - [MESSAGE][PASSED] - Object: 'Object Repository/PaketLangganan/Page_Dicoding Indonesia - Bangun Karirmu Se_eb00a6/a_Masuk' is clicked on

07-02-2024T10:32:25 - [TEST_STEP][PASSED] - setText(findTestObject("Object Repository/PaketLangganan/Page_Dicoding Indonesia - Bangun Karirmu Se_eb00a6/input_Masuk_login_email"), "hanamaria2307@gmail.com"): Text 'hanamaria2307@gmail.com' is set on object 'Object Repository/PaketLangganan/Page_Dicoding Indonesia - Bangun Karirmu Se_eb00a6/input_Masuk_login_email'

07-02-2024T10:32:26 - [MESSAGE][PASSED] - Text 'hanamaria2307@gmail.com' is set on object 'Object Repository/PaketLangganan/Page_Dicoding Indonesia - Bangun Karirmu Se_eb00a6/input_Masuk_login_email'

07-02-2024T10:32:26 - [TEST_STEP][PASSED] - setEncryptedText(findTestObject("Object Repository/PaketLangganan/Page_Dicoding Indonesia - Bangun Karirmu Se_eb00a6/input_Masuk_login_password"), "hCc8x1UqSX8vfSLAHukwvg=="): Text ****** has been set on object 'Object Repository/PaketLangganan/Page_Dicoding Indonesia - Bangun Karirmu Se_eb00a6/input_Masuk_login_password'

07-02-2024T10:32:26 - [MESSAGE][PASSED] - Text ****** has been set on object 'Object Repository/PaketLangganan/Page_Dicoding Indonesia - Bangun Karirmu Se_eb00a6/input_Masuk_login_password'

07-02-2024T10:32:26 - [TEST_STEP][PASSED] - click(findTestObject("Object Repository/PaketLangganan/Page_Dicoding Indonesia - Bangun Karirmu Se_eb00a6/button_Masuk")): Object: 'Object Repository/PaketLangganan/Page_Dicoding Indonesia - Bangun Karirmu Se_eb00a6/button_Masuk' is clicked on

07-02-2024T10:32:27 - [MESSAGE][PASSED] - Object: 'Object Repository/PaketLangganan/Page_Dicoding Indonesia - Bangun Karirmu Se_eb00a6/button_Masuk' is clicked on

07-02-2024T10:32:27 - [TEST_STEP][PASSED] - click(findTestObject("Object Repository/PaketLangganan/Page_Dicoding Indonesia/a_Lanjut berlangganan")): Object: 'Object Repository/PaketLangganan/Page_Dicoding Indonesia/a_Lanjut berlangganan' is clicked on

07-02-2024T10:32:31 - [MESSAGE][PASSED] - Object: 'Object Repository/PaketLangganan/Page_Dicoding Indonesia/a_Lanjut berlangganan' is clicked on

07-02-2024T10:32:31 - [TEST_STEP][PASSED] - delay(2): Delayed 2 second(s)

07-02-2024T10:32:33 - [MESSAGE][PASSED] - Delayed 2 second(s)

07-02-2024T10:32:33 - [TEST_STEP][PASSED] - click(findTestObject("Object Repository/PaketLangganan/Page_Biaya Investasi Belajar Kurikulum Glob_5cbbe8/a_Pilih paket")): Object: 'Object Repository/PaketLangganan/Page_Biaya Investasi Belajar Kurikulum Glob_5cbbe8/a_Pilih paket' is clicked on

07-02-2024T10:32:34 - [MESSAGE][PASSED] - Object: 'Object Repository/PaketLangganan/Page_Biaya Investasi Belajar Kurikulum Glob_5cbbe8/a_Pilih paket' is clicked on

07-02-2024T10:32:34 - [TEST_STEP][PASSED] - click(findTestObject("Object Repository/PaketLangganan/Page_Pembayaran Paket Langganan - Dicoding _c7409d/button_Bayar")): Object: 'Object Repository/PaketLangganan/Page_Pembayaran Paket Langganan - Dicoding _c7409d/button_Bayar' is clicked on

07-02-2024T10:32:40 - [MESSAGE][PASSED] - Object: 'Object Repository/PaketLangganan/Page_Pembayaran Paket Langganan - Dicoding _c7409d/button_Bayar' is clicked on

07-02-2024T10:32:40 - [TEST_STEP][PASSED] - verifyElementText(findTestObject("Object Repository/PaketLangganan/Page_Checkout - f0c460accddd/h2_Order Summary"), "Order Summary"): Actual text and expected text of test object 'Object Repository/PaketLangganan/Page_Checkout - f0c460accddd/h2_Order Summary' are matched.

07-02-2024T10:32:43 - [MESSAGE][PASSED] - Actual text and expected text of test object 'Object Repository/PaketLangganan/Page_Checkout - f0c460accddd/h2_Order Summary' are matched.

07-02-2024T10:32:43 - [TEST_STEP][PASSED] - delay(2): Delayed 2 second(s)

07-02-2024T10:32:45 - [MESSAGE][PASSED] - Delayed 2 second(s)

07-02-2024T10:32:45 - [TEST_STEP][PASSED] - closeBrowser(): Browser is closed

07-02-2024T10:32:53 - [MESSAGE][PASSED] - Browser is closed]]></system-out>
         <system-err><![CDATA[]]></system-err>
      </testcase>
      <system-out><![CDATA[07-02-2024T10:31:48 - [TEST_SUITE][PASSED] - PaketLearning: Test Cases/TC_PaketLangganan]]></system-out>
      <system-err><![CDATA[]]></system-err>
   </testsuite>
</testsuites>
